<?xml version="1.0" encoding="UTF-8"?>
<!-- Generated by org.testng.reporters.JUnitReportReporter -->
<testsuite hostname="Shaan" failures="0" tests="1" name="org.tyss.sms.testscripts_SMS.Student_Add_Student" time="12.517" errors="0" timestamp="2022-07-20T10:12:43 IST" skipped="0">
  <testcase classname="org.tyss.sms.testscripts_SMS.Student_Add_Student" name="student_Add_Student" time="12.517"/>
  <system-out/>
</testsuite> <!-- org.tyss.sms.testscripts_SMS.Student_Add_Student -->
