<?xml version="1.0" encoding="UTF-8"?>
<!-- Generated by org.testng.reporters.JUnitReportReporter -->
<testsuite hostname="Shaan" failures="0" tests="1" name="org.tyss.sms.testscripts_SMS.LoginPage_SMS_test" time="0.636" errors="0" timestamp="2022-07-27T16:32:40 IST" skipped="0">
  <testcase classname="org.tyss.sms.testscripts_SMS.LoginPage_SMS_test" name="loginPage_SMS_test" time="0.636"/>
  <system-out/>
</testsuite> <!-- org.tyss.sms.testscripts_SMS.LoginPage_SMS_test -->
